app/manifest-merger-release-report.txt
-- Merging decision tree log ---
manifest
ADDED from AndroidManifest.xml:2:1
	xmlns:android
		ADDED from AndroidManifest.xml:2:11
	package
		ADDED from AndroidManifest.xml:3:5
		INJECTED from AndroidManifest.xml:0:0
		INJECTED from AndroidManifest.xml:0:0
	android:versionName
		INJECTED from AndroidManifest.xml:0:0
		INJECTED from AndroidManifest.xml:0:0
	android:versionCode
		INJECTED from AndroidManifest.xml:0:0
		INJECTED from AndroidManifest.xml:0:0
	android:installLocation
		ADDED from AndroidManifest.xml:4:5
uses-permission#android.permission.INTERNET
ADDED from AndroidManifest.xml:8:5
	android:name
		ADDED from AndroidManifest.xml:8:22
uses-permission#android.permission.ACCESS_NETWORK_STATE
ADDED from AndroidManifest.xml:9:5
	android:name
		ADDED from AndroidManifest.xml:9:22
uses-permission#android.permission.WRITE_EXTERNAL_STORAGE
ADDED from AndroidManifest.xml:10:5
	android:name
		ADDED from AndroidManifest.xml:10:22
uses-permission#com.google.android.providers.gsf.permission.READ_GSERVICES
ADDED from AndroidManifest.xml:11:5
	android:name
		ADDED from AndroidManifest.xml:11:22
uses-permission#android.permission.ACCESS_COARSE_LOCATION
ADDED from AndroidManifest.xml:12:5
	android:name
		ADDED from AndroidManifest.xml:12:22
uses-permission#android.permission.ACCESS_FINE_LOCATION
ADDED from AndroidManifest.xml:13:5
	android:name
		ADDED from AndroidManifest.xml:13:22
compatible-screens
ADDED from AndroidManifest.xml:17:5
screen#normal+mdpi
ADDED from AndroidManifest.xml:18:9
	android:screenSize
		ADDED from AndroidManifest.xml:18:17
	android:screenDensity
		ADDED from AndroidManifest.xml:18:45
screen#normal+hdpi
ADDED from AndroidManifest.xml:19:9
	android:screenSize
		ADDED from AndroidManifest.xml:19:17
	android:screenDensity
		ADDED from AndroidManifest.xml:19:45
screen#normal+xhdpi
ADDED from AndroidManifest.xml:20:9
	android:screenSize
		ADDED from AndroidManifest.xml:20:17
	android:screenDensity
		ADDED from AndroidManifest.xml:20:45
screen#normal+480
ADDED from AndroidManifest.xml:21:9
	android:screenSize
		ADDED from AndroidManifest.xml:21:17
	android:screenDensity
		ADDED from AndroidManifest.xml:21:45
screen#large+mdpi
ADDED from AndroidManifest.xml:22:9
	android:screenSize
		ADDED from AndroidManifest.xml:22:17
	android:screenDensity
		ADDED from AndroidManifest.xml:22:44
screen#large+hdpi
ADDED from AndroidManifest.xml:23:9
	android:screenSize
		ADDED from AndroidManifest.xml:23:17
	android:screenDensity
		ADDED from AndroidManifest.xml:23:44
screen#large+xhdpi
ADDED from AndroidManifest.xml:24:9
	android:screenSize
		ADDED from AndroidManifest.xml:24:17
	android:screenDensity
		ADDED from AndroidManifest.xml:24:44
screen#large+480
ADDED from AndroidManifest.xml:25:9
	android:screenSize
		ADDED from AndroidManifest.xml:25:17
	android:screenDensity
		ADDED from AndroidManifest.xml:25:44
screen#xlarge+mdpi
ADDED from AndroidManifest.xml:26:9
	android:screenSize
		ADDED from AndroidManifest.xml:26:17
	android:screenDensity
		ADDED from AndroidManifest.xml:26:45
screen#xlarge+hdpi
ADDED from AndroidManifest.xml:27:9
	android:screenSize
		ADDED from AndroidManifest.xml:27:17
	android:screenDensity
		ADDED from AndroidManifest.xml:27:45
screen#xlarge+xhdpi
ADDED from AndroidManifest.xml:28:9
	android:screenSize
		ADDED from AndroidManifest.xml:28:17
	android:screenDensity
		ADDED from AndroidManifest.xml:28:45
screen#xlarge+480
ADDED from AndroidManifest.xml:29:9
	android:screenSize
		ADDED from AndroidManifest.xml:29:17
	android:screenDensity
		ADDED from AndroidManifest.xml:29:45
application
ADDED from AndroidManifest.xml:33:5
MERGED from com.google.android.gms:play-services:6.1.71:16:5
MERGED from com.android.support:support-v4:21.0.2:16:5
MERGED from com.android.support:appcompat-v7:21.0.2:16:5
MERGED from com.android.support:support-v4:21.0.2:16:5
MERGED from com.android.support:support-v4:21.0.2:16:5
	android:label
		ADDED from AndroidManifest.xml:36:9
	android:allowBackup
		ADDED from AndroidManifest.xml:34:9
	android:icon
		ADDED from AndroidManifest.xml:35:9
	android:theme
		ADDED from AndroidManifest.xml:37:9
meta-data#com.google.android.gms.version
ADDED from AndroidManifest.xml:41:9
	android:name
		ADDED from AndroidManifest.xml:42:13
	android:value
		ADDED from AndroidManifest.xml:43:13
meta-data#com.google.android.maps.v2.API_KEY
ADDED from AndroidManifest.xml:45:9
	android:name
		ADDED from AndroidManifest.xml:46:13
	android:value
		ADDED from AndroidManifest.xml:47:13
meta-data#com.google.android.gms.analytics.globalConfigResource
ADDED from AndroidManifest.xml:50:9
	android:resource
		ADDED from AndroidManifest.xml:52:13
	android:name
		ADDED from AndroidManifest.xml:51:13
provider#android.support.v4.content.FileProvider
ADDED from AndroidManifest.xml:59:9
	android:grantUriPermissions
		ADDED from AndroidManifest.xml:62:13
	android:exported
		ADDED from AndroidManifest.xml:63:13
	android:authorities
		ADDED from AndroidManifest.xml:61:13
	android:name
		ADDED from AndroidManifest.xml:60:13
meta-data#android.support.FILE_PROVIDER_PATHS
ADDED from AndroidManifest.xml:65:13
	android:resource
		ADDED from AndroidManifest.xml:67:17
	android:name
		ADDED from AndroidManifest.xml:66:17
activity#com.eventshigh.nearme.app.activity.MapsActivity
ADDED from AndroidManifest.xml:73:9
	android:label
		ADDED from AndroidManifest.xml:75:13
	android:name
		ADDED from AndroidManifest.xml:74:13
intent-filter#android.intent.action.MAIN+android.intent.category.LAUNCHER
ADDED from AndroidManifest.xml:77:13
action#android.intent.action.MAIN
ADDED from AndroidManifest.xml:78:17
	android:name
		ADDED from AndroidManifest.xml:78:25
category#android.intent.category.LAUNCHER
ADDED from AndroidManifest.xml:79:17
	android:name
		ADDED from AndroidManifest.xml:79:27
activity#com.eventshigh.nearme.app.activity.EventGridActivity
ADDED from AndroidManifest.xml:82:9
	android:label
		ADDED from AndroidManifest.xml:84:13
	android:parentActivityName
		ADDED from AndroidManifest.xml:85:13
	android:name
		ADDED from AndroidManifest.xml:83:13
meta-data#android.support.PARENT_ACTIVITY
ADDED from AndroidManifest.xml:87:13
	android:name
		ADDED from AndroidManifest.xml:88:17
	android:value
		ADDED from AndroidManifest.xml:89:17
activity#com.eventshigh.nearme.app.activity.EventDetailActivity
ADDED from AndroidManifest.xml:92:9
	android:label
		ADDED from AndroidManifest.xml:94:13
	android:uiOptions
		ADDED from AndroidManifest.xml:95:13
	android:name
		ADDED from AndroidManifest.xml:93:13
uses-sdk
INJECTED from AndroidManifest.xml:0:0 reason: use-sdk injection requested
MERGED from com.google.android.gms:play-services:6.1.71:15:5
MERGED from com.android.support:support-v4:21.0.2:15:5
MERGED from com.android.support:appcompat-v7:21.0.2:15:5
MERGED from com.android.support:support-v4:21.0.2:15:5
MERGED from com.android.support:support-v4:21.0.2:15:5
	android:targetSdkVersion
		INJECTED from AndroidManifest.xml:0:0
		INJECTED from AndroidManifest.xml:0:0
	android:minSdkVersion
		INJECTED from AndroidManifest.xml:0:0
		INJECTED from AndroidManifest.xml:0:0